<?xml version="1.0" encoding="UTF-8"?>
<testng-results skipped="0" failed="0" total="1" passed="1">
  <reporter-output>
  </reporter-output>
  <suite name="Default suite" duration-ms="106" started-at="2015-10-20T02:58:54Z" finished-at="2015-10-20T02:58:54Z">
    <groups>
    </groups>
    <test name="Default test" duration-ms="106" started-at="2015-10-20T02:58:54Z" finished-at="2015-10-20T02:58:54Z">
      <class name="spring.webservices.service.test.NewTest">
        <test-method status="PASS" signature="f()[pri:0, instance:spring.webservices.service.test.NewTest@29d52a29]" name="f" duration-ms="31" started-at="2015-10-20T03:58:54Z" finished-at="2015-10-20T03:58:54Z">
          <reporter-output>
          </reporter-output>
        </test-method> <!-- f -->
      </class> <!-- spring.webservices.service.test.NewTest -->
    </test> <!-- Default test -->
  </suite> <!-- Default suite -->
</testng-results>
